{
  "RSpec": {
    "coverage": {
      "/Users/don/dev/ruby/rails/miradx/app/models/action.rb": {
        "lines": [
          null,
          null,
          1,
          1,
          1,
          null,
          1,
          1,
          null,
          null,
          null,
          null,
          null,
          null,
          1,
          1,
          1,
          1,
          null,
          1,
          24,
          null,
          null,
          null,
          23,
          23,
          null,
          19,
          null,
          13,
          13,
          null,
          13,
          15,
          null,
          null,
          15,
          null,
          null,
          0,
          0,
          null,
          null,
          1,
          38,
          null,
          38,
          null,
          36,
          null,
          2,
          null,
          null
        ]
      },
      "/Users/don/dev/ruby/rails/miradx/app/models/application_record.rb": {
        "lines": [
          null,
          null,
          1,
          1,
          null
        ]
      },
      "/Users/don/dev/ruby/rails/miradx/app/models/commuter_action.rb": {
        "lines": [
          null,
          null,
          null,
          1,
          null
        ]
      },
      "/Users/don/dev/ruby/rails/miradx/app/models/risk_analysis.rb": {
        "lines": [
          null,
          null,
          1,
          1,
          1,
          null
        ]
      },
      "/Users/don/dev/ruby/rails/miradx/app/models/commuter.rb": {
        "lines": [
          null,
          null,
          1,
          1,
          1,
          null,
          1,
          null
        ]
      },
      "/Users/don/dev/ruby/rails/miradx/app/services/create_risk_analysis.rb": {
        "lines": [
          1,
          1,
          null,
          1,
          16,
          null,
          null,
          1,
          16,
          16,
          null,
          13,
          13,
          null,
          null,
          7,
          null,
          9,
          9,
          9,
          null,
          null,
          1,
          null,
          1,
          null,
          1,
          16,
          null,
          3,
          null,
          null,
          1,
          13,
          13,
          null,
          13,
          19,
          14,
          14,
          null,
          null,
          8,
          13,
          12,
          12,
          null,
          null,
          null,
          1,
          7,
          null,
          null,
          null,
          null,
          null
        ]
      },
      "/Users/don/dev/ruby/rails/miradx/app/services/json_parse_service.rb": {
        "lines": [
          null,
          null,
          1,
          1,
          4,
          null,
          null,
          1,
          5,
          null,
          null,
          1,
          14,
          null,
          null
        ]
      },
      "/Users/don/dev/ruby/rails/miradx/app/services/risk_calculator/generate_results.rb": {
        "lines": [
          1,
          1,
          1,
          null,
          1,
          11,
          11,
          null,
          null,
          1,
          11,
          null,
          null,
          10,
          null,
          null,
          null,
          null,
          1,
          null,
          1,
          26,
          null,
          null,
          1,
          16,
          16,
          null,
          15,
          null,
          null,
          1,
          16,
          1,
          null,
          null,
          null,
          1,
          1,
          null,
          null,
          null,
          null,
          null,
          null
        ]
      },
      "/Users/don/dev/ruby/rails/miradx/app/services/application_service.rb": {
        "lines": [
          null,
          null,
          1,
          1,
          11,
          null,
          null
        ]
      },
      "/Users/don/dev/ruby/rails/miradx/app/controllers/risk_analyses_controller.rb": {
        "lines": [
          null,
          null,
          1,
          1,
          null,
          1,
          14,
          3,
          null,
          null,
          1,
          null,
          1,
          14,
          14,
          12,
          null,
          null,
          null,
          1,
          14,
          13,
          null,
          null,
          1,
          null,
          12,
          null,
          null,
          null,
          null,
          1,
          12,
          14,
          14,
          10,
          null,
          null,
          null,
          1,
          14,
          50,
          null,
          null,
          null
        ]
      },
      "/Users/don/dev/ruby/rails/miradx/app/controllers/application_controller.rb": {
        "lines": [
          null,
          null,
          1,
          1,
          1,
          1,
          1,
          null,
          1,
          null,
          1,
          9,
          null,
          null,
          1,
          2,
          null,
          null
        ]
      }
    },
    "timestamp": 1735118215
  }
}
