{
  "RSpec": {
    "coverage": {
      "/Users/don/dev/ruby/rails/miradx/app/models/action.rb": {
        "lines": [
          1,
          1,
          1,
          null,
          1,
          1,
          null,
          null,
          null,
          null,
          null,
          null,
          1,
          1,
          1,
          1,
          null,
          1,
          13,
          13,
          null,
          13,
          20,
          19,
          12,
          12,
          12,
          null,
          null,
          7,
          null,
          null,
          null
        ]
      },
      "/Users/don/dev/ruby/rails/miradx/app/models/application_record.rb": {
        "lines": [
          1,
          1,
          null
        ]
      },
      "/Users/don/dev/ruby/rails/miradx/app/models/commuter_action.rb": {
        "lines": [
          null,
          1,
          null
        ]
      },
      "/Users/don/dev/ruby/rails/miradx/app/models/risk_analysis.rb": {
        "lines": [
          1,
          1,
          1,
          null
        ]
      },
      "/Users/don/dev/ruby/rails/miradx/app/models/commuter.rb": {
        "lines": [
          1,
          1,
          1,
          null,
          1,
          null
        ]
      },
      "/Users/don/dev/ruby/rails/miradx/app/services/json_parse_service.rb": {
        "lines": [
          1,
          1,
          4,
          null,
          null,
          1,
          5,
          null,
          null,
          1,
          14,
          null,
          null
        ]
      },
      "/Users/don/dev/ruby/rails/miradx/app/services/risk_calculator/generate_results.rb": {
        "lines": [
          1,
          1,
          1,
          5,
          null,
          null,
          1,
          null,
          5,
          9,
          9,
          9,
          null,
          null,
          5,
          null,
          null,
          null
        ]
      },
      "/Users/don/dev/ruby/rails/miradx/app/services/application_service.rb": {
        "lines": [
          1,
          1,
          5,
          null,
          null
        ]
      },
      "/Users/don/dev/ruby/rails/miradx/app/controllers/risk_analyses_controller.rb": {
        "lines": [
          1,
          1,
          1,
          null,
          1,
          6,
          null,
          6,
          6,
          7,
          null,
          null,
          null,
          3,
          4,
          null,
          null,
          3,
          null,
          null,
          3,
          null,
          3,
          3,
          null,
          null,
          1,
          null,
          1,
          14,
          null,
          1,
          null,
          null,
          1,
          26,
          null,
          14,
          13,
          14,
          null,
          null,
          12,
          14,
          13,
          12,
          11,
          null,
          8,
          null,
          null
        ]
      },
      "/Users/don/dev/ruby/rails/miradx/app/controllers/application_controller.rb": {
        "lines": [
          1,
          1,
          1,
          1,
          1,
          null,
          1,
          null,
          1,
          10,
          null,
          null
        ]
      }
    },
    "timestamp": 1735108361
  }
}
